#
# A fatal error has been detected by the Java Runtime Environment:
#
#  Internal Error (javaClasses.cpp:136), pid=5868, tid=5752
#  fatal error: Invalid layout of preloaded class
#
# JRE version:  (7.0_67-b01) (build )
# Java VM: Java HotSpot(TM) Client VM (24.65-b04 mixed mode windows-x86 )
# Failed to write core dump. Minidumps are not enabled by default on client versions of Windows
#
# If you would like to submit a bug report, please visit:
#   http://bugreport.sun.com/bugreport/crash.jsp
#

---------------  T H R E A D  ---------------

Current thread (0x00bcc400):  JavaThread "Unknown thread" [_thread_in_vm, id=5752, stack(0x00ca0000,0x00cf0000)]

Stack: [0x00ca0000,0x00cf0000],  sp=0x00cef6c0,  free space=317k
Native frames: (J=compiled Java code, j=interpreted, Vv=VM code, C=native code)
V  [jvm.dll+0x190494]
V  [jvm.dll+0x18a116]
V  [jvm.dll+0x35d7a]
V  [jvm.dll+0x35e06]
V  [jvm.dll+0x4465d]
V  [jvm.dll+0x4490e]
V  [jvm.dll+0x92f8a]
V  [jvm.dll+0x9333b]
V  [jvm.dll+0x13fa31]
V  [jvm.dll+0x1626fc]
V  [jvm.dll+0xc9d6f]
C  [javaw.exe+0x13ce]
C  [javaw.exe+0x1e40]
C  [javaw.exe+0xa601]
C  [javaw.exe+0xa68b]
C  [kernel32.dll+0x1338a]
C  [ntdll.dll+0x39f72]
C  [ntdll.dll+0x39f45]


---------------  P R O C E S S  ---------------

Java Threads: ( => current thread )

Other Threads:

=>0x00bcc400 (exited) JavaThread "Unknown thread" [_thread_in_vm, id=5752, stack(0x00ca0000,0x00cf0000)]

VM state:not at safepoint (not fully initialized)

VM Mutex/Monitor currently owned by a thread: None

GC Heap History (0 events):
No events

Deoptimization events (0 events):
No events

Internal exceptions (0 events):
No events

Events (10 events):
Event: 0.005 loading class 0x00a59100
Event: 0.006 loading class 0x00a59100 done
Event: 0.006 loading class 0x00a59140
Event: 0.006 loading class 0x00a596b0
Event: 0.006 loading class 0x00a596b0 done
Event: 0.006 loading class 0x00a5f2c0
Event: 0.006 loading class 0x00a5f2c0 done
Event: 0.006 loading class 0x00a59140 done
Event: 0.006 loading class 0x00a59120
Event: 0.006 loading class 0x00a59120 done


Dynamic libraries:
0x01350000 - 0x0137f000 	C:\Program Files (x86)\Java\jre7\bin\javaw.exe
0x77d60000 - 0x77ee0000 	C:\Windows\SysWOW64\ntdll.dll
0x76520000 - 0x76630000 	C:\Windows\syswow64\kernel32.dll
0x76f20000 - 0x76f67000 	C:\Windows\syswow64\KERNELBASE.dll
0x770a0000 - 0x77140000 	C:\Windows\syswow64\ADVAPI32.DLL
0x77310000 - 0x773bc000 	C:\Windows\syswow64\msvcrt.dll
0x76940000 - 0x76959000 	C:\Windows\SysWOW64\sechost.dll
0x77720000 - 0x77810000 	C:\Windows\syswow64\RPCRT4.dll
0x75760000 - 0x757c0000 	C:\Windows\syswow64\SspiCli.dll
0x75750000 - 0x7575c000 	C:\Windows\syswow64\CRYPTBASE.dll
0x77420000 - 0x77520000 	C:\Windows\syswow64\USER32.dll
0x778a0000 - 0x77930000 	C:\Windows\syswow64\GDI32.dll
0x76890000 - 0x7689a000 	C:\Windows\syswow64\LPK.dll
0x757c0000 - 0x7585d000 	C:\Windows\syswow64\USP10.dll
0x74250000 - 0x743ee000 	C:\Windows\WinSxS\x86_microsoft.windows.common-controls_6595b64144ccf1df_6.0.7601.17514_none_41e6975e2bd6f2b2\COMCTL32.dll
0x773c0000 - 0x77417000 	C:\Windows\syswow64\SHLWAPI.dll
0x76ae0000 - 0x76b40000 	C:\Windows\system32\IMM32.DLL
0x76970000 - 0x76a3c000 	C:\Windows\syswow64\MSCTF.dll
0x5d070000 - 0x5d12f000 	C:\Program Files (x86)\Java\jre7\bin\msvcr100.dll
0x61e20000 - 0x621a8000 	C:\Program Files (x86)\Java\jre7\bin\client\jvm.dll
0x74fb0000 - 0x74fb7000 	C:\Windows\system32\WSOCK32.dll
0x76a40000 - 0x76a75000 	C:\Windows\syswow64\WS2_32.dll
0x77520000 - 0x77526000 	C:\Windows\syswow64\NSI.dll
0x74f40000 - 0x74f72000 	C:\Windows\system32\WINMM.dll
0x764c0000 - 0x764c5000 	C:\Windows\syswow64\PSAPI.DLL
0x714d0000 - 0x714dc000 	C:\Program Files (x86)\Java\jre7\bin\verify.dll
0x714b0000 - 0x714d0000 	C:\Program Files (x86)\Java\jre7\bin\java.dll
0x70ed0000 - 0x70ee3000 	C:\Program Files (x86)\Java\jre7\bin\zip.dll
0x5cf80000 - 0x5d06b000 	C:\Windows\system32\dbghelp.dll

VM Arguments:
jvm_args: -Dfile.encoding=Cp1252 -Xbootclasspath:C:\Program Files (x86)\leJOS NXJ\lib\nxt\classes.jar 
java_command: org.eclipse.jdt.internal.junit.runner.RemoteTestRunner -version 3 -port 20337 -testLoaderClass org.eclipse.jdt.internal.junit4.runner.JUnit4TestLoader -loaderpluginname org.eclipse.jdt.junit4.runtime -classNames testproject.test.RoboDrawTester
Launcher Type: SUN_STANDARD

Environment Variables:
PATH=C:/Program Files (x86)/Java/jre7/bin/client;C:/Program Files (x86)/Java/jre7/bin;C:/Program Files (x86)/Java/jre7/lib/i386;C:\Program Files (x86)\NVIDIA Corporation\PhysX\Common;C:\Windows\system32;C:\Windows;C:\Windows\System32\Wbem;C:\Windows\System32\WindowsPowerShell\v1.0\;c:\Program Files (x86)\Microsoft SQL Server\100\Tools\Binn\;c:\Program Files\Microsoft SQL Server\100\Tools\Binn\;c:\Program Files\Microsoft SQL Server\100\DTS\Binn\;C:\Program Files (x86)\IVI Foundation\VISA\WinNT\Bin;C:\Program Files (x86)\leJOS NXJ\bin;C:\32 bit eclipse\eclipse;
USERNAME=rjon7928
OS=Windows_NT
PROCESSOR_IDENTIFIER=Intel64 Family 6 Model 42 Stepping 7, GenuineIntel



---------------  S Y S T E M  ---------------

OS: Windows 7 , 64 bit Build 7601 Service Pack 1

CPU:total 4 (2 cores per cpu, 2 threads per core) family 6 model 42 stepping 7, cmov, cx8, fxsr, mmx, sse, sse2, sse3, ssse3, sse4.1, sse4.2, popcnt, avx, ht, tsc, tscinvbit

Memory: 4k page, physical 4079632k(1468852k free), swap 8157400k(4613764k free)

vm_info: Java HotSpot(TM) Client VM (24.65-b04) for windows-x86 JRE (1.7.0_67-b01), built on Jul 25 2014 10:20:53 by "java_re" with unknown MS VC++:1600

time: Fri Dec 12 13:18:14 2014
elapsed time: 0 seconds

